<?xml version="1.0" encoding="UTF-8"?>
<!-- Generated by org.testng.reporters.JUnitXMLReporter -->
<testsuite ignored="0" hostname="TarushDubale" failures="0" tests="4" name="Default test" time="0.103" errors="0" timestamp="2025-07-23T20:56:34 IST">
  <testcase classname="test.PriorityConcepts" name="login" time="0.02"/>
  <testcase classname="test.PriorityConcepts" name="dashboard" time="0.002"/>
  <testcase classname="test.PriorityConcepts" name="ordered" time="0.004"/>
  <testcase classname="test.PriorityConcepts" name="payment" time="0.003"/>
</testsuite> <!-- Default test -->
