<?xml version="1.0" encoding="UTF-8"?>
<testng-results ignored="0" total="4" passed="4" failed="0" skipped="0">
  <reporter-output>
  </reporter-output>
  <suite started-at="2025-07-23T20:56:34 IST" name="Default suite" finished-at="2025-07-23T20:56:34 IST" duration-ms="103">
    <groups>
    </groups>
    <test started-at="2025-07-23T20:56:34 IST" name="Default test" finished-at="2025-07-23T20:56:34 IST" duration-ms="103">
      <class name="test.PriorityConcepts">
        <test-method signature="login()[pri:1, instance:test.PriorityConcepts@1cbbffcd]" started-at="2025-07-23T20:56:34 IST" name="login" finished-at="2025-07-23T20:56:34 IST" duration-ms="20" status="PASS">
          <reporter-output>
          </reporter-output>
        </test-method> <!-- login -->
        <test-method signature="dashboard()[pri:2, instance:test.PriorityConcepts@1cbbffcd]" started-at="2025-07-23T20:56:34 IST" name="dashboard" finished-at="2025-07-23T20:56:34 IST" duration-ms="2" status="PASS">
          <reporter-output>
          </reporter-output>
        </test-method> <!-- dashboard -->
        <test-method signature="ordered()[pri:3, instance:test.PriorityConcepts@1cbbffcd]" started-at="2025-07-23T20:56:34 IST" name="ordered" finished-at="2025-07-23T20:56:34 IST" duration-ms="4" status="PASS">
          <reporter-output>
          </reporter-output>
        </test-method> <!-- ordered -->
        <test-method signature="payment()[pri:4, instance:test.PriorityConcepts@1cbbffcd]" started-at="2025-07-23T20:56:34 IST" name="payment" finished-at="2025-07-23T20:56:34 IST" duration-ms="3" status="PASS">
          <reporter-output>
          </reporter-output>
        </test-method> <!-- payment -->
      </class> <!-- test.PriorityConcepts -->
    </test> <!-- Default test -->
  </suite> <!-- Default suite -->
</testng-results>
